2024-02-28T08:28:54.830+08:00  INFO 44524 --- [main] c.b23010225.sastwoc.SastWoCApplication   : Starting SastWoCApplication using Java 21 with PID 44524 (D:\Java\SASTWoC\target\classes started by 宇恺 in D:\Java\SASTWoC)
2024-02-28T08:28:54.840+08:00  INFO 44524 --- [main] c.b23010225.sastwoc.SastWoCApplication   : No active profile set, falling back to 1 default profile: "default"
2024-02-28T08:28:55.749+08:00  INFO 44524 --- [main] o.s.b.w.embedded.tomcat.TomcatWebServer  : Tomcat initialized with port 8080 (http)
2024-02-28T08:28:55.758+08:00  INFO 44524 --- [main] o.apache.catalina.core.StandardService   : Starting service [Tomcat]
2024-02-28T08:28:55.759+08:00  INFO 44524 --- [main] o.apache.catalina.core.StandardEngine    : Starting Servlet engine: [Apache Tomcat/10.1.19]
2024-02-28T08:28:55.795+08:00  INFO 44524 --- [main] o.a.c.c.C.[Tomcat].[localhost].[/]       : Initializing Spring embedded WebApplicationContext
2024-02-28T08:28:55.795+08:00  INFO 44524 --- [main] w.s.c.ServletWebServerApplicationContext : Root WebApplicationContext: initialization completed in 914 ms
2024-02-28T08:28:56.249+08:00  INFO 44524 --- [main] o.s.b.w.embedded.tomcat.TomcatWebServer  : Tomcat started on port 8080 (http) with context path ''
2024-02-28T08:28:56.253+08:00  INFO 44524 --- [main] c.b23010225.sastwoc.SastWoCApplication   : Started SastWoCApplication in 1.804 seconds (process running for 2.506)
2024-02-28T08:30:00.346+08:00  INFO 30032 --- [main] c.b23010225.sastwoc.SastWoCApplication   : Starting SastWoCApplication using Java 21 with PID 30032 (D:\Java\SASTWoC\target\classes started by 宇恺 in D:\Java\SASTWoC)
2024-02-28T08:30:00.349+08:00  INFO 30032 --- [main] c.b23010225.sastwoc.SastWoCApplication   : No active profile set, falling back to 1 default profile: "default"
2024-02-28T08:30:01.124+08:00  INFO 30032 --- [main] o.s.b.w.embedded.tomcat.TomcatWebServer  : Tomcat initialized with port 8080 (http)
2024-02-28T08:30:01.132+08:00  INFO 30032 --- [main] o.apache.catalina.core.StandardService   : Starting service [Tomcat]
2024-02-28T08:30:01.132+08:00  INFO 30032 --- [main] o.apache.catalina.core.StandardEngine    : Starting Servlet engine: [Apache Tomcat/10.1.19]
2024-02-28T08:30:01.167+08:00  INFO 30032 --- [main] o.a.c.c.C.[Tomcat].[localhost].[/]       : Initializing Spring embedded WebApplicationContext
2024-02-28T08:30:01.169+08:00  INFO 30032 --- [main] w.s.c.ServletWebServerApplicationContext : Root WebApplicationContext: initialization completed in 777 ms
2024-02-28T08:30:01.548+08:00  INFO 30032 --- [main] o.s.b.w.embedded.tomcat.TomcatWebServer  : Tomcat started on port 8080 (http) with context path ''
2024-02-28T08:30:01.553+08:00  INFO 30032 --- [main] c.b23010225.sastwoc.SastWoCApplication   : Started SastWoCApplication in 1.55 seconds (process running for 2.026)
2024-02-28T08:31:23.548+08:00  INFO 8984 --- [main] c.b23010225.sastwoc.SastWoCApplication   : Starting SastWoCApplication using Java 21 with PID 8984 (D:\Java\SASTWoC\target\classes started by 宇恺 in D:\Java\SASTWoC)
2024-02-28T08:31:23.549+08:00  INFO 8984 --- [main] c.b23010225.sastwoc.SastWoCApplication   : No active profile set, falling back to 1 default profile: "default"
2024-02-28T08:31:24.242+08:00  INFO 8984 --- [main] o.s.b.w.embedded.tomcat.TomcatWebServer  : Tomcat initialized with port 8080 (http)
2024-02-28T08:31:24.253+08:00  INFO 8984 --- [main] o.apache.catalina.core.StandardService   : Starting service [Tomcat]
2024-02-28T08:31:24.253+08:00  INFO 8984 --- [main] o.apache.catalina.core.StandardEngine    : Starting Servlet engine: [Apache Tomcat/10.1.19]
2024-02-28T08:31:24.288+08:00  INFO 8984 --- [main] o.a.c.c.C.[Tomcat].[localhost].[/]       : Initializing Spring embedded WebApplicationContext
2024-02-28T08:31:24.288+08:00  INFO 8984 --- [main] w.s.c.ServletWebServerApplicationContext : Root WebApplicationContext: initialization completed in 700 ms
2024-02-28T08:31:24.687+08:00  INFO 8984 --- [main] o.s.b.w.embedded.tomcat.TomcatWebServer  : Tomcat started on port 8080 (http) with context path ''
2024-02-28T08:31:24.693+08:00  INFO 8984 --- [main] c.b23010225.sastwoc.SastWoCApplication   : Started SastWoCApplication in 1.446 seconds (process running for 1.95)
2024-02-28T08:31:31.759+08:00  INFO 8984 --- [http-nio-8080-exec-1] o.a.c.c.C.[Tomcat].[localhost].[/]       : Initializing Spring DispatcherServlet 'dispatcherServlet'
2024-02-28T08:31:31.759+08:00  INFO 8984 --- [http-nio-8080-exec-1] o.s.web.servlet.DispatcherServlet        : Initializing Servlet 'dispatcherServlet'
2024-02-28T08:31:31.760+08:00  INFO 8984 --- [http-nio-8080-exec-1] o.s.web.servlet.DispatcherServlet        : Completed initialization in 1 ms
2024-02-28T08:31:31.762+08:00  INFO 8984 --- [http-nio-8080-exec-1] c.b.sastwoc.utils.LoginCheckFilter       : 请求的url:/login
2024-02-28T08:31:31.763+08:00  INFO 8984 --- [http-nio-8080-exec-1] c.b.sastwoc.utils.LoginCheckFilter       : 正在登录，放行。
2024-02-28T08:31:31.845+08:00  INFO 8984 --- [http-nio-8080-exec-1] com.zaxxer.hikari.HikariDataSource       : HikariPool-1 - Starting...
2024-02-28T08:31:32.216+08:00  INFO 8984 --- [http-nio-8080-exec-1] com.zaxxer.hikari.pool.HikariPool        : HikariPool-1 - Added connection com.mysql.cj.jdbc.ConnectionImpl@37217629
2024-02-28T08:31:32.217+08:00  INFO 8984 --- [http-nio-8080-exec-1] com.zaxxer.hikari.HikariDataSource       : HikariPool-1 - Start completed.
2024-02-28T08:32:24.936+08:00  INFO 8984 --- [http-nio-8080-exec-3] c.b.sastwoc.utils.LoginCheckFilter       : 请求的url:/pancake
2024-02-28T08:32:24.953+08:00  INFO 8984 --- [http-nio-8080-exec-3] c.b.sastwoc.utils.LoginCheckFilter       : 令牌合法，放行
2024-02-28T08:33:15.639+08:00  INFO 8984 --- [http-nio-8080-exec-4] c.b.sastwoc.utils.LoginCheckFilter       : 请求的url:/pancake
2024-02-28T08:33:15.639+08:00  INFO 8984 --- [http-nio-8080-exec-4] c.b.sastwoc.utils.LoginCheckFilter       : 令牌合法，放行
2024-02-28T08:33:15.640+08:00 ERROR 8984 --- [http-nio-8080-exec-4] o.a.c.c.C.[.[.[/].[dispatcherServlet]    : Servlet.service() for servlet [dispatcherServlet] in context with path [] threw exception

java.lang.IllegalArgumentException: A signing key must be specified if the specified JWT is digitally signed.
	at io.jsonwebtoken.lang.Assert.notNull(Assert.java:85) ~[jjwt-0.9.1.jar:0.9.1]
	at io.jsonwebtoken.impl.DefaultJwtParser.parse(DefaultJwtParser.java:331) ~[jjwt-0.9.1.jar:0.9.1]
	at io.jsonwebtoken.impl.DefaultJwtParser.parse(DefaultJwtParser.java:481) ~[jjwt-0.9.1.jar:0.9.1]
	at io.jsonwebtoken.impl.DefaultJwtParser.parseClaimsJws(DefaultJwtParser.java:541) ~[jjwt-0.9.1.jar:0.9.1]
	at com.b23010225.sastwoc.utils.MAdminFilter.doFilter(MAdminFilter.java:45) ~[classes/:na]
	at org.apache.catalina.core.ApplicationFilterChain.internalDoFilter(ApplicationFilterChain.java:174) ~[tomcat-embed-core-10.1.19.jar:10.1.19]
	at org.apache.catalina.core.ApplicationFilterChain.doFilter(ApplicationFilterChain.java:149) ~[tomcat-embed-core-10.1.19.jar:10.1.19]
	at com.b23010225.sastwoc.utils.LoginCheckFilter.doFilter(LoginCheckFilter.java:70) ~[classes/:na]
	at org.apache.catalina.core.ApplicationFilterChain.internalDoFilter(ApplicationFilterChain.java:174) ~[tomcat-embed-core-10.1.19.jar:10.1.19]
	at org.apache.catalina.core.ApplicationFilterChain.doFilter(ApplicationFilterChain.java:149) ~[tomcat-embed-core-10.1.19.jar:10.1.19]
	at org.springframework.web.filter.RequestContextFilter.doFilterInternal(RequestContextFilter.java:100) ~[spring-web-6.1.4.jar:6.1.4]
	at org.springframework.web.filter.OncePerRequestFilter.doFilter(OncePerRequestFilter.java:116) ~[spring-web-6.1.4.jar:6.1.4]
	at org.apache.catalina.core.ApplicationFilterChain.internalDoFilter(ApplicationFilterChain.java:174) ~[tomcat-embed-core-10.1.19.jar:10.1.19]
	at org.apache.catalina.core.ApplicationFilterChain.doFilter(ApplicationFilterChain.java:149) ~[tomcat-embed-core-10.1.19.jar:10.1.19]
	at org.springframework.web.filter.FormContentFilter.doFilterInternal(FormContentFilter.java:93) ~[spring-web-6.1.4.jar:6.1.4]
	at org.springframework.web.filter.OncePerRequestFilter.doFilter(OncePerRequestFilter.java:116) ~[spring-web-6.1.4.jar:6.1.4]
	at org.apache.catalina.core.ApplicationFilterChain.internalDoFilter(ApplicationFilterChain.java:174) ~[tomcat-embed-core-10.1.19.jar:10.1.19]
	at org.apache.catalina.core.ApplicationFilterChain.doFilter(ApplicationFilterChain.java:149) ~[tomcat-embed-core-10.1.19.jar:10.1.19]
	at org.springframework.web.filter.CharacterEncodingFilter.doFilterInternal(CharacterEncodingFilter.java:201) ~[spring-web-6.1.4.jar:6.1.4]
	at org.springframework.web.filter.OncePerRequestFilter.doFilter(OncePerRequestFilter.java:116) ~[spring-web-6.1.4.jar:6.1.4]
	at org.apache.catalina.core.ApplicationFilterChain.internalDoFilter(ApplicationFilterChain.java:174) ~[tomcat-embed-core-10.1.19.jar:10.1.19]
	at org.apache.catalina.core.ApplicationFilterChain.doFilter(ApplicationFilterChain.java:149) ~[tomcat-embed-core-10.1.19.jar:10.1.19]
	at org.apache.catalina.core.StandardWrapperValve.invoke(StandardWrapperValve.java:167) ~[tomcat-embed-core-10.1.19.jar:10.1.19]
	at org.apache.catalina.core.StandardContextValve.invoke(StandardContextValve.java:90) ~[tomcat-embed-core-10.1.19.jar:10.1.19]
	at org.apache.catalina.authenticator.AuthenticatorBase.invoke(AuthenticatorBase.java:482) ~[tomcat-embed-core-10.1.19.jar:10.1.19]
	at org.apache.catalina.core.StandardHostValve.invoke(StandardHostValve.java:115) ~[tomcat-embed-core-10.1.19.jar:10.1.19]
	at org.apache.catalina.valves.ErrorReportValve.invoke(ErrorReportValve.java:93) ~[tomcat-embed-core-10.1.19.jar:10.1.19]
	at org.apache.catalina.core.StandardEngineValve.invoke(StandardEngineValve.java:74) ~[tomcat-embed-core-10.1.19.jar:10.1.19]
	at org.apache.catalina.connector.CoyoteAdapter.service(CoyoteAdapter.java:344) ~[tomcat-embed-core-10.1.19.jar:10.1.19]
	at org.apache.coyote.http11.Http11Processor.service(Http11Processor.java:391) ~[tomcat-embed-core-10.1.19.jar:10.1.19]
	at org.apache.coyote.AbstractProcessorLight.process(AbstractProcessorLight.java:63) ~[tomcat-embed-core-10.1.19.jar:10.1.19]
	at org.apache.coyote.AbstractProtocol$ConnectionHandler.process(AbstractProtocol.java:896) ~[tomcat-embed-core-10.1.19.jar:10.1.19]
	at org.apache.tomcat.util.net.NioEndpoint$SocketProcessor.doRun(NioEndpoint.java:1744) ~[tomcat-embed-core-10.1.19.jar:10.1.19]
	at org.apache.tomcat.util.net.SocketProcessorBase.run(SocketProcessorBase.java:52) ~[tomcat-embed-core-10.1.19.jar:10.1.19]
	at org.apache.tomcat.util.threads.ThreadPoolExecutor.runWorker(ThreadPoolExecutor.java:1191) ~[tomcat-embed-core-10.1.19.jar:10.1.19]
	at org.apache.tomcat.util.threads.ThreadPoolExecutor$Worker.run(ThreadPoolExecutor.java:659) ~[tomcat-embed-core-10.1.19.jar:10.1.19]
	at org.apache.tomcat.util.threads.TaskThread$WrappingRunnable.run(TaskThread.java:63) ~[tomcat-embed-core-10.1.19.jar:10.1.19]
	at java.base/java.lang.Thread.run(Thread.java:1583) ~[na:na]

2024-02-28T08:40:21.030+08:00  INFO 8984 --- [SpringApplicationShutdownHook] com.zaxxer.hikari.HikariDataSource       : HikariPool-1 - Shutdown initiated...
2024-02-28T08:40:21.040+08:00  INFO 8984 --- [SpringApplicationShutdownHook] com.zaxxer.hikari.HikariDataSource       : HikariPool-1 - Shutdown completed.
2024-02-28T08:40:30.253+08:00  INFO 42348 --- [main] c.b23010225.sastwoc.SastWoCApplication   : Starting SastWoCApplication using Java 21 with PID 42348 (D:\Java\SASTWoC\target\classes started by 宇恺 in D:\Java\SASTWoC)
2024-02-28T08:40:30.256+08:00  INFO 42348 --- [main] c.b23010225.sastwoc.SastWoCApplication   : No active profile set, falling back to 1 default profile: "default"
2024-02-28T08:40:30.991+08:00  INFO 42348 --- [main] o.s.b.w.embedded.tomcat.TomcatWebServer  : Tomcat initialized with port 8080 (http)
2024-02-28T08:40:30.999+08:00  INFO 42348 --- [main] o.apache.catalina.core.StandardService   : Starting service [Tomcat]
2024-02-28T08:40:30.999+08:00  INFO 42348 --- [main] o.apache.catalina.core.StandardEngine    : Starting Servlet engine: [Apache Tomcat/10.1.19]
2024-02-28T08:40:31.032+08:00  INFO 42348 --- [main] o.a.c.c.C.[Tomcat].[localhost].[/]       : Initializing Spring embedded WebApplicationContext
2024-02-28T08:40:31.033+08:00  INFO 42348 --- [main] w.s.c.ServletWebServerApplicationContext : Root WebApplicationContext: initialization completed in 737 ms
2024-02-28T08:40:31.423+08:00  INFO 42348 --- [main] o.s.b.w.embedded.tomcat.TomcatWebServer  : Tomcat started on port 8080 (http) with context path ''
2024-02-28T08:40:31.429+08:00  INFO 42348 --- [main] c.b23010225.sastwoc.SastWoCApplication   : Started SastWoCApplication in 1.48 seconds (process running for 1.948)
2024-02-28T08:41:20.331+08:00  INFO 42348 --- [http-nio-8080-exec-1] o.a.c.c.C.[Tomcat].[localhost].[/]       : Initializing Spring DispatcherServlet 'dispatcherServlet'
2024-02-28T08:41:20.332+08:00  INFO 42348 --- [http-nio-8080-exec-1] o.s.web.servlet.DispatcherServlet        : Initializing Servlet 'dispatcherServlet'
2024-02-28T08:41:20.333+08:00  INFO 42348 --- [http-nio-8080-exec-1] o.s.web.servlet.DispatcherServlet        : Completed initialization in 1 ms
2024-02-28T08:41:20.336+08:00  INFO 42348 --- [http-nio-8080-exec-1] c.b.sastwoc.utils.LoginCheckFilter       : 请求的url:/pancake
2024-02-28T08:41:20.377+08:00  INFO 42348 --- [http-nio-8080-exec-1] c.b.sastwoc.utils.LoginCheckFilter       : 令牌合法，放行
2024-02-28T08:41:20.378+08:00  INFO 42348 --- [http-nio-8080-exec-1] c.b23010225.sastwoc.utils.MAdminFilter   : 非管理员操作，放行。
2024-02-28T08:41:20.404+08:00  INFO 42348 --- [http-nio-8080-exec-1] com.zaxxer.hikari.HikariDataSource       : HikariPool-1 - Starting...
2024-02-28T08:41:20.661+08:00  INFO 42348 --- [http-nio-8080-exec-1] com.zaxxer.hikari.pool.HikariPool        : HikariPool-1 - Added connection com.mysql.cj.jdbc.ConnectionImpl@701bc073
2024-02-28T08:41:20.662+08:00  INFO 42348 --- [http-nio-8080-exec-1] com.zaxxer.hikari.HikariDataSource       : HikariPool-1 - Start completed.
2024-02-28T08:55:37.977+08:00  INFO 42348 --- [SpringApplicationShutdownHook] com.zaxxer.hikari.HikariDataSource       : HikariPool-1 - Shutdown initiated...
2024-02-28T08:55:37.985+08:00  INFO 42348 --- [SpringApplicationShutdownHook] com.zaxxer.hikari.HikariDataSource       : HikariPool-1 - Shutdown completed.
2024-02-28T08:55:41.364+08:00  INFO 12864 --- [main] c.b23010225.sastwoc.SastWoCApplication   : Starting SastWoCApplication using Java 21 with PID 12864 (D:\Java\SASTWoC\target\classes started by 宇恺 in D:\Java\SASTWoC)
2024-02-28T08:55:41.367+08:00  INFO 12864 --- [main] c.b23010225.sastwoc.SastWoCApplication   : No active profile set, falling back to 1 default profile: "default"
2024-02-28T08:55:42.380+08:00  INFO 12864 --- [main] o.s.b.w.embedded.tomcat.TomcatWebServer  : Tomcat initialized with port 8080 (http)
2024-02-28T08:55:42.390+08:00  INFO 12864 --- [main] o.apache.catalina.core.StandardService   : Starting service [Tomcat]
2024-02-28T08:55:42.392+08:00  INFO 12864 --- [main] o.apache.catalina.core.StandardEngine    : Starting Servlet engine: [Apache Tomcat/10.1.19]
2024-02-28T08:55:42.442+08:00  INFO 12864 --- [main] o.a.c.c.C.[Tomcat].[localhost].[/]       : Initializing Spring embedded WebApplicationContext
2024-02-28T08:55:42.442+08:00  INFO 12864 --- [main] w.s.c.ServletWebServerApplicationContext : Root WebApplicationContext: initialization completed in 1034 ms
2024-02-28T08:55:42.858+08:00  INFO 12864 --- [main] o.s.b.w.embedded.tomcat.TomcatWebServer  : Tomcat started on port 8080 (http) with context path ''
2024-02-28T08:55:42.863+08:00  INFO 12864 --- [main] c.b23010225.sastwoc.SastWoCApplication   : Started SastWoCApplication in 1.821 seconds (process running for 2.292)
2024-02-28T08:56:18.334+08:00  INFO 12864 --- [http-nio-8080-exec-2] o.a.c.c.C.[Tomcat].[localhost].[/]       : Initializing Spring DispatcherServlet 'dispatcherServlet'
2024-02-28T08:56:18.334+08:00  INFO 12864 --- [http-nio-8080-exec-2] o.s.web.servlet.DispatcherServlet        : Initializing Servlet 'dispatcherServlet'
2024-02-28T08:56:18.335+08:00  INFO 12864 --- [http-nio-8080-exec-2] o.s.web.servlet.DispatcherServlet        : Completed initialization in 1 ms
2024-02-28T08:56:18.338+08:00  INFO 12864 --- [http-nio-8080-exec-2] c.b.sastwoc.utils.LoginCheckFilter       : 请求的url:/pancake
2024-02-28T08:56:18.386+08:00  INFO 12864 --- [http-nio-8080-exec-2] c.b.sastwoc.utils.LoginCheckFilter       : 令牌合法，放行
2024-02-28T08:56:18.386+08:00  INFO 12864 --- [http-nio-8080-exec-2] c.b23010225.sastwoc.utils.MAdminFilter   : 非管理员操作，放行。
2024-02-28T08:56:18.417+08:00  INFO 12864 --- [http-nio-8080-exec-2] com.zaxxer.hikari.HikariDataSource       : HikariPool-1 - Starting...
2024-02-28T08:56:18.739+08:00  INFO 12864 --- [http-nio-8080-exec-2] com.zaxxer.hikari.pool.HikariPool        : HikariPool-1 - Added connection com.mysql.cj.jdbc.ConnectionImpl@5342d7dc
2024-02-28T08:56:18.742+08:00  INFO 12864 --- [http-nio-8080-exec-2] com.zaxxer.hikari.HikariDataSource       : HikariPool-1 - Start completed.
2024-02-28T08:57:05.379+08:00  INFO 12864 --- [http-nio-8080-exec-3] c.b.sastwoc.utils.LoginCheckFilter       : 请求的url:/pancake
2024-02-28T08:57:05.379+08:00  INFO 12864 --- [http-nio-8080-exec-3] c.b.sastwoc.utils.LoginCheckFilter       : 令牌合法，放行
2024-02-28T08:57:05.380+08:00 ERROR 12864 --- [http-nio-8080-exec-3] o.a.c.c.C.[.[.[/].[dispatcherServlet]    : Servlet.service() for servlet [dispatcherServlet] in context with path [] threw exception

io.jsonwebtoken.SignatureException: JWT signature does not match locally computed signature. JWT validity cannot be asserted and should not be trusted.
	at io.jsonwebtoken.impl.DefaultJwtParser.parse(DefaultJwtParser.java:354) ~[jjwt-0.9.1.jar:0.9.1]
	at io.jsonwebtoken.impl.DefaultJwtParser.parse(DefaultJwtParser.java:481) ~[jjwt-0.9.1.jar:0.9.1]
	at io.jsonwebtoken.impl.DefaultJwtParser.parseClaimsJws(DefaultJwtParser.java:541) ~[jjwt-0.9.1.jar:0.9.1]
	at com.b23010225.sastwoc.utils.MAdminFilter.doFilter(MAdminFilter.java:50) ~[classes/:na]
	at org.apache.catalina.core.ApplicationFilterChain.internalDoFilter(ApplicationFilterChain.java:174) ~[tomcat-embed-core-10.1.19.jar:10.1.19]
	at org.apache.catalina.core.ApplicationFilterChain.doFilter(ApplicationFilterChain.java:149) ~[tomcat-embed-core-10.1.19.jar:10.1.19]
	at com.b23010225.sastwoc.utils.LoginCheckFilter.doFilter(LoginCheckFilter.java:70) ~[classes/:na]
	at org.apache.catalina.core.ApplicationFilterChain.internalDoFilter(ApplicationFilterChain.java:174) ~[tomcat-embed-core-10.1.19.jar:10.1.19]
	at org.apache.catalina.core.ApplicationFilterChain.doFilter(ApplicationFilterChain.java:149) ~[tomcat-embed-core-10.1.19.jar:10.1.19]
	at org.springframework.web.filter.RequestContextFilter.doFilterInternal(RequestContextFilter.java:100) ~[spring-web-6.1.4.jar:6.1.4]
	at org.springframework.web.filter.OncePerRequestFilter.doFilter(OncePerRequestFilter.java:116) ~[spring-web-6.1.4.jar:6.1.4]
	at org.apache.catalina.core.ApplicationFilterChain.internalDoFilter(ApplicationFilterChain.java:174) ~[tomcat-embed-core-10.1.19.jar:10.1.19]
	at org.apache.catalina.core.ApplicationFilterChain.doFilter(ApplicationFilterChain.java:149) ~[tomcat-embed-core-10.1.19.jar:10.1.19]
	at org.springframework.web.filter.FormContentFilter.doFilterInternal(FormContentFilter.java:93) ~[spring-web-6.1.4.jar:6.1.4]
	at org.springframework.web.filter.OncePerRequestFilter.doFilter(OncePerRequestFilter.java:116) ~[spring-web-6.1.4.jar:6.1.4]
	at org.apache.catalina.core.ApplicationFilterChain.internalDoFilter(ApplicationFilterChain.java:174) ~[tomcat-embed-core-10.1.19.jar:10.1.19]
	at org.apache.catalina.core.ApplicationFilterChain.doFilter(ApplicationFilterChain.java:149) ~[tomcat-embed-core-10.1.19.jar:10.1.19]
	at org.springframework.web.filter.CharacterEncodingFilter.doFilterInternal(CharacterEncodingFilter.java:201) ~[spring-web-6.1.4.jar:6.1.4]
	at org.springframework.web.filter.OncePerRequestFilter.doFilter(OncePerRequestFilter.java:116) ~[spring-web-6.1.4.jar:6.1.4]
	at org.apache.catalina.core.ApplicationFilterChain.internalDoFilter(ApplicationFilterChain.java:174) ~[tomcat-embed-core-10.1.19.jar:10.1.19]
	at org.apache.catalina.core.ApplicationFilterChain.doFilter(ApplicationFilterChain.java:149) ~[tomcat-embed-core-10.1.19.jar:10.1.19]
	at org.apache.catalina.core.StandardWrapperValve.invoke(StandardWrapperValve.java:167) ~[tomcat-embed-core-10.1.19.jar:10.1.19]
	at org.apache.catalina.core.StandardContextValve.invoke(StandardContextValve.java:90) ~[tomcat-embed-core-10.1.19.jar:10.1.19]
	at org.apache.catalina.authenticator.AuthenticatorBase.invoke(AuthenticatorBase.java:482) ~[tomcat-embed-core-10.1.19.jar:10.1.19]
	at org.apache.catalina.core.StandardHostValve.invoke(StandardHostValve.java:115) ~[tomcat-embed-core-10.1.19.jar:10.1.19]
	at org.apache.catalina.valves.ErrorReportValve.invoke(ErrorReportValve.java:93) ~[tomcat-embed-core-10.1.19.jar:10.1.19]
	at org.apache.catalina.core.StandardEngineValve.invoke(StandardEngineValve.java:74) ~[tomcat-embed-core-10.1.19.jar:10.1.19]
	at org.apache.catalina.connector.CoyoteAdapter.service(CoyoteAdapter.java:344) ~[tomcat-embed-core-10.1.19.jar:10.1.19]
	at org.apache.coyote.http11.Http11Processor.service(Http11Processor.java:391) ~[tomcat-embed-core-10.1.19.jar:10.1.19]
	at org.apache.coyote.AbstractProcessorLight.process(AbstractProcessorLight.java:63) ~[tomcat-embed-core-10.1.19.jar:10.1.19]
	at org.apache.coyote.AbstractProtocol$ConnectionHandler.process(AbstractProtocol.java:896) ~[tomcat-embed-core-10.1.19.jar:10.1.19]
	at org.apache.tomcat.util.net.NioEndpoint$SocketProcessor.doRun(NioEndpoint.java:1744) ~[tomcat-embed-core-10.1.19.jar:10.1.19]
	at org.apache.tomcat.util.net.SocketProcessorBase.run(SocketProcessorBase.java:52) ~[tomcat-embed-core-10.1.19.jar:10.1.19]
	at org.apache.tomcat.util.threads.ThreadPoolExecutor.runWorker(ThreadPoolExecutor.java:1191) ~[tomcat-embed-core-10.1.19.jar:10.1.19]
	at org.apache.tomcat.util.threads.ThreadPoolExecutor$Worker.run(ThreadPoolExecutor.java:659) ~[tomcat-embed-core-10.1.19.jar:10.1.19]
	at org.apache.tomcat.util.threads.TaskThread$WrappingRunnable.run(TaskThread.java:63) ~[tomcat-embed-core-10.1.19.jar:10.1.19]
	at java.base/java.lang.Thread.run(Thread.java:1583) ~[na:na]

2024-02-28T08:59:53.798+08:00  INFO 12864 --- [SpringApplicationShutdownHook] com.zaxxer.hikari.HikariDataSource       : HikariPool-1 - Shutdown initiated...
2024-02-28T08:59:53.804+08:00  INFO 12864 --- [SpringApplicationShutdownHook] com.zaxxer.hikari.HikariDataSource       : HikariPool-1 - Shutdown completed.
2024-02-28T08:59:57.088+08:00  INFO 46968 --- [main] c.b23010225.sastwoc.SastWoCApplication   : Starting SastWoCApplication using Java 21 with PID 46968 (D:\Java\SASTWoC\target\classes started by 宇恺 in D:\Java\SASTWoC)
2024-02-28T08:59:57.090+08:00  INFO 46968 --- [main] c.b23010225.sastwoc.SastWoCApplication   : No active profile set, falling back to 1 default profile: "default"
2024-02-28T08:59:57.842+08:00  INFO 46968 --- [main] o.s.b.w.embedded.tomcat.TomcatWebServer  : Tomcat initialized with port 8080 (http)
2024-02-28T08:59:57.850+08:00  INFO 46968 --- [main] o.apache.catalina.core.StandardService   : Starting service [Tomcat]
2024-02-28T08:59:57.850+08:00  INFO 46968 --- [main] o.apache.catalina.core.StandardEngine    : Starting Servlet engine: [Apache Tomcat/10.1.19]
2024-02-28T08:59:57.886+08:00  INFO 46968 --- [main] o.a.c.c.C.[Tomcat].[localhost].[/]       : Initializing Spring embedded WebApplicationContext
2024-02-28T08:59:57.887+08:00  INFO 46968 --- [main] w.s.c.ServletWebServerApplicationContext : Root WebApplicationContext: initialization completed in 751 ms
2024-02-28T08:59:58.250+08:00  INFO 46968 --- [main] o.s.b.w.embedded.tomcat.TomcatWebServer  : Tomcat started on port 8080 (http) with context path ''
2024-02-28T08:59:58.255+08:00  INFO 46968 --- [main] c.b23010225.sastwoc.SastWoCApplication   : Started SastWoCApplication in 1.48 seconds (process running for 1.926)
2024-02-28T09:00:14.015+08:00  INFO 46968 --- [http-nio-8080-exec-1] o.a.c.c.C.[Tomcat].[localhost].[/]       : Initializing Spring DispatcherServlet 'dispatcherServlet'
2024-02-28T09:00:14.017+08:00  INFO 46968 --- [http-nio-8080-exec-1] o.s.web.servlet.DispatcherServlet        : Initializing Servlet 'dispatcherServlet'
2024-02-28T09:00:14.018+08:00  INFO 46968 --- [http-nio-8080-exec-1] o.s.web.servlet.DispatcherServlet        : Completed initialization in 0 ms
2024-02-28T09:00:14.021+08:00  INFO 46968 --- [http-nio-8080-exec-1] c.b.sastwoc.utils.LoginCheckFilter       : 请求的url:/pancake
2024-02-28T09:00:14.061+08:00  INFO 46968 --- [http-nio-8080-exec-1] c.b.sastwoc.utils.LoginCheckFilter       : 令牌合法，放行
2024-02-28T09:00:14.063+08:00 ERROR 46968 --- [http-nio-8080-exec-1] o.a.c.c.C.[.[.[/].[dispatcherServlet]    : Servlet.service() for servlet [dispatcherServlet] in context with path [] threw exception

io.jsonwebtoken.RequiredTypeException: Expected value to be of type: class java.lang.String, but was class java.lang.Integer
	at io.jsonwebtoken.impl.DefaultClaims.castClaimValue(DefaultClaims.java:143) ~[jjwt-0.9.1.jar:0.9.1]
	at io.jsonwebtoken.impl.DefaultClaims.get(DefaultClaims.java:123) ~[jjwt-0.9.1.jar:0.9.1]
	at com.b23010225.sastwoc.utils.MAdminFilter.doFilter(MAdminFilter.java:51) ~[classes/:na]
	at org.apache.catalina.core.ApplicationFilterChain.internalDoFilter(ApplicationFilterChain.java:174) ~[tomcat-embed-core-10.1.19.jar:10.1.19]
	at org.apache.catalina.core.ApplicationFilterChain.doFilter(ApplicationFilterChain.java:149) ~[tomcat-embed-core-10.1.19.jar:10.1.19]
	at com.b23010225.sastwoc.utils.LoginCheckFilter.doFilter(LoginCheckFilter.java:70) ~[classes/:na]
	at org.apache.catalina.core.ApplicationFilterChain.internalDoFilter(ApplicationFilterChain.java:174) ~[tomcat-embed-core-10.1.19.jar:10.1.19]
	at org.apache.catalina.core.ApplicationFilterChain.doFilter(ApplicationFilterChain.java:149) ~[tomcat-embed-core-10.1.19.jar:10.1.19]
	at org.springframework.web.filter.RequestContextFilter.doFilterInternal(RequestContextFilter.java:100) ~[spring-web-6.1.4.jar:6.1.4]
	at org.springframework.web.filter.OncePerRequestFilter.doFilter(OncePerRequestFilter.java:116) ~[spring-web-6.1.4.jar:6.1.4]
	at org.apache.catalina.core.ApplicationFilterChain.internalDoFilter(ApplicationFilterChain.java:174) ~[tomcat-embed-core-10.1.19.jar:10.1.19]
	at org.apache.catalina.core.ApplicationFilterChain.doFilter(ApplicationFilterChain.java:149) ~[tomcat-embed-core-10.1.19.jar:10.1.19]
	at org.springframework.web.filter.FormContentFilter.doFilterInternal(FormContentFilter.java:93) ~[spring-web-6.1.4.jar:6.1.4]
	at org.springframework.web.filter.OncePerRequestFilter.doFilter(OncePerRequestFilter.java:116) ~[spring-web-6.1.4.jar:6.1.4]
	at org.apache.catalina.core.ApplicationFilterChain.internalDoFilter(ApplicationFilterChain.java:174) ~[tomcat-embed-core-10.1.19.jar:10.1.19]
	at org.apache.catalina.core.ApplicationFilterChain.doFilter(ApplicationFilterChain.java:149) ~[tomcat-embed-core-10.1.19.jar:10.1.19]
	at org.springframework.web.filter.CharacterEncodingFilter.doFilterInternal(CharacterEncodingFilter.java:201) ~[spring-web-6.1.4.jar:6.1.4]
	at org.springframework.web.filter.OncePerRequestFilter.doFilter(OncePerRequestFilter.java:116) ~[spring-web-6.1.4.jar:6.1.4]
	at org.apache.catalina.core.ApplicationFilterChain.internalDoFilter(ApplicationFilterChain.java:174) ~[tomcat-embed-core-10.1.19.jar:10.1.19]
	at org.apache.catalina.core.ApplicationFilterChain.doFilter(ApplicationFilterChain.java:149) ~[tomcat-embed-core-10.1.19.jar:10.1.19]
	at org.apache.catalina.core.StandardWrapperValve.invoke(StandardWrapperValve.java:167) ~[tomcat-embed-core-10.1.19.jar:10.1.19]
	at org.apache.catalina.core.StandardContextValve.invoke(StandardContextValve.java:90) ~[tomcat-embed-core-10.1.19.jar:10.1.19]
	at org.apache.catalina.authenticator.AuthenticatorBase.invoke(AuthenticatorBase.java:482) ~[tomcat-embed-core-10.1.19.jar:10.1.19]
	at org.apache.catalina.core.StandardHostValve.invoke(StandardHostValve.java:115) ~[tomcat-embed-core-10.1.19.jar:10.1.19]
	at org.apache.catalina.valves.ErrorReportValve.invoke(ErrorReportValve.java:93) ~[tomcat-embed-core-10.1.19.jar:10.1.19]
	at org.apache.catalina.core.StandardEngineValve.invoke(StandardEngineValve.java:74) ~[tomcat-embed-core-10.1.19.jar:10.1.19]
	at org.apache.catalina.connector.CoyoteAdapter.service(CoyoteAdapter.java:344) ~[tomcat-embed-core-10.1.19.jar:10.1.19]
	at org.apache.coyote.http11.Http11Processor.service(Http11Processor.java:391) ~[tomcat-embed-core-10.1.19.jar:10.1.19]
	at org.apache.coyote.AbstractProcessorLight.process(AbstractProcessorLight.java:63) ~[tomcat-embed-core-10.1.19.jar:10.1.19]
	at org.apache.coyote.AbstractProtocol$ConnectionHandler.process(AbstractProtocol.java:896) ~[tomcat-embed-core-10.1.19.jar:10.1.19]
	at org.apache.tomcat.util.net.NioEndpoint$SocketProcessor.doRun(NioEndpoint.java:1744) ~[tomcat-embed-core-10.1.19.jar:10.1.19]
	at org.apache.tomcat.util.net.SocketProcessorBase.run(SocketProcessorBase.java:52) ~[tomcat-embed-core-10.1.19.jar:10.1.19]
	at org.apache.tomcat.util.threads.ThreadPoolExecutor.runWorker(ThreadPoolExecutor.java:1191) ~[tomcat-embed-core-10.1.19.jar:10.1.19]
	at org.apache.tomcat.util.threads.ThreadPoolExecutor$Worker.run(ThreadPoolExecutor.java:659) ~[tomcat-embed-core-10.1.19.jar:10.1.19]
	at org.apache.tomcat.util.threads.TaskThread$WrappingRunnable.run(TaskThread.java:63) ~[tomcat-embed-core-10.1.19.jar:10.1.19]
	at java.base/java.lang.Thread.run(Thread.java:1583) ~[na:na]

2024-02-28T09:01:11.459+08:00  INFO 44504 --- [main] c.b23010225.sastwoc.SastWoCApplication   : Starting SastWoCApplication using Java 21 with PID 44504 (D:\Java\SASTWoC\target\classes started by 宇恺 in D:\Java\SASTWoC)
2024-02-28T09:01:11.461+08:00  INFO 44504 --- [main] c.b23010225.sastwoc.SastWoCApplication   : No active profile set, falling back to 1 default profile: "default"
2024-02-28T09:01:12.197+08:00  INFO 44504 --- [main] o.s.b.w.embedded.tomcat.TomcatWebServer  : Tomcat initialized with port 8080 (http)
2024-02-28T09:01:12.205+08:00  INFO 44504 --- [main] o.apache.catalina.core.StandardService   : Starting service [Tomcat]
2024-02-28T09:01:12.205+08:00  INFO 44504 --- [main] o.apache.catalina.core.StandardEngine    : Starting Servlet engine: [Apache Tomcat/10.1.19]
2024-02-28T09:01:12.238+08:00  INFO 44504 --- [main] o.a.c.c.C.[Tomcat].[localhost].[/]       : Initializing Spring embedded WebApplicationContext
2024-02-28T09:01:12.238+08:00  INFO 44504 --- [main] w.s.c.ServletWebServerApplicationContext : Root WebApplicationContext: initialization completed in 738 ms
2024-02-28T09:01:12.611+08:00  INFO 44504 --- [main] o.s.b.w.embedded.tomcat.TomcatWebServer  : Tomcat started on port 8080 (http) with context path ''
2024-02-28T09:01:12.616+08:00  INFO 44504 --- [main] c.b23010225.sastwoc.SastWoCApplication   : Started SastWoCApplication in 1.454 seconds (process running for 1.908)
2024-02-28T09:01:23.265+08:00  INFO 44504 --- [http-nio-8080-exec-4] o.a.c.c.C.[Tomcat].[localhost].[/]       : Initializing Spring DispatcherServlet 'dispatcherServlet'
2024-02-28T09:01:23.265+08:00  INFO 44504 --- [http-nio-8080-exec-4] o.s.web.servlet.DispatcherServlet        : Initializing Servlet 'dispatcherServlet'
2024-02-28T09:01:23.266+08:00  INFO 44504 --- [http-nio-8080-exec-4] o.s.web.servlet.DispatcherServlet        : Completed initialization in 0 ms
2024-02-28T09:01:23.269+08:00  INFO 44504 --- [http-nio-8080-exec-4] c.b.sastwoc.utils.LoginCheckFilter       : 请求的url:/pancake
2024-02-28T09:01:23.310+08:00  INFO 44504 --- [http-nio-8080-exec-4] c.b.sastwoc.utils.LoginCheckFilter       : 令牌合法，放行
2024-02-28T09:01:23.311+08:00  INFO 44504 --- [http-nio-8080-exec-4] c.b23010225.sastwoc.utils.MAdminFilter   : 无权限！
2024-02-28T09:03:19.466+08:00  INFO 44504 --- [http-nio-8080-exec-3] c.b.sastwoc.utils.LoginCheckFilter       : 请求的url:/login
2024-02-28T09:03:19.466+08:00  INFO 44504 --- [http-nio-8080-exec-3] c.b.sastwoc.utils.LoginCheckFilter       : 正在登录，放行。
2024-02-28T09:03:19.520+08:00  WARN 44504 --- [http-nio-8080-exec-3] .w.s.m.s.DefaultHandlerExceptionResolver : Resolved [org.springframework.http.converter.HttpMessageNotReadableException: JSON parse error: Unexpected character ('"' (code 34)): was expecting comma to separate Object entries]
2024-02-28T09:04:06.363+08:00  INFO 44504 --- [http-nio-8080-exec-5] c.b.sastwoc.utils.LoginCheckFilter       : 请求的url:/login
2024-02-28T09:04:06.363+08:00  INFO 44504 --- [http-nio-8080-exec-5] c.b.sastwoc.utils.LoginCheckFilter       : 正在登录，放行。
2024-02-28T09:04:06.401+08:00  INFO 44504 --- [http-nio-8080-exec-5] com.zaxxer.hikari.HikariDataSource       : HikariPool-1 - Starting...
2024-02-28T09:04:06.725+08:00  INFO 44504 --- [http-nio-8080-exec-5] com.zaxxer.hikari.pool.HikariPool        : HikariPool-1 - Added connection com.mysql.cj.jdbc.ConnectionImpl@274f3b7b
2024-02-28T09:04:06.726+08:00  INFO 44504 --- [http-nio-8080-exec-5] com.zaxxer.hikari.HikariDataSource       : HikariPool-1 - Start completed.
2024-02-28T09:05:13.467+08:00  INFO 44504 --- [http-nio-8080-exec-10] c.b.sastwoc.utils.LoginCheckFilter       : 请求的url:/pancake
2024-02-28T09:05:13.468+08:00  INFO 44504 --- [http-nio-8080-exec-10] c.b.sastwoc.utils.LoginCheckFilter       : 令牌合法，放行
2024-02-28T09:05:13.469+08:00  INFO 44504 --- [http-nio-8080-exec-10] c.b23010225.sastwoc.utils.MAdminFilter   : 管理员身份验证通过！
2024-02-28T09:05:13.479+08:00 ERROR 44504 --- [http-nio-8080-exec-10] o.a.c.c.C.[.[.[/].[dispatcherServlet]    : Servlet.service() for servlet [dispatcherServlet] in context with path [] threw exception [Request processing failed: org.mybatis.spring.MyBatisSystemException] with root cause

org.apache.ibatis.reflection.ReflectionException: There is no getter for property named 'deadline' in 'class com.b23010225.sastwoc.pojo.Pancake'
	at org.apache.ibatis.reflection.Reflector.getGetInvoker(Reflector.java:385) ~[mybatis-3.5.14.jar:3.5.14]
	at org.apache.ibatis.reflection.MetaClass.getGetInvoker(MetaClass.java:160) ~[mybatis-3.5.14.jar:3.5.14]
	at org.apache.ibatis.reflection.wrapper.BeanWrapper.getBeanProperty(BeanWrapper.java:153) ~[mybatis-3.5.14.jar:3.5.14]
	at org.apache.ibatis.reflection.wrapper.BeanWrapper.get(BeanWrapper.java:49) ~[mybatis-3.5.14.jar:3.5.14]
	at org.apache.ibatis.reflection.MetaObject.getValue(MetaObject.java:116) ~[mybatis-3.5.14.jar:3.5.14]
	at org.apache.ibatis.scripting.defaults.DefaultParameterHandler.setParameters(DefaultParameterHandler.java:82) ~[mybatis-3.5.14.jar:3.5.14]
	at org.apache.ibatis.executor.statement.PreparedStatementHandler.parameterize(PreparedStatementHandler.java:97) ~[mybatis-3.5.14.jar:3.5.14]
	at org.apache.ibatis.executor.statement.RoutingStatementHandler.parameterize(RoutingStatementHandler.java:65) ~[mybatis-3.5.14.jar:3.5.14]
	at org.apache.ibatis.executor.SimpleExecutor.prepareStatement(SimpleExecutor.java:91) ~[mybatis-3.5.14.jar:3.5.14]
	at org.apache.ibatis.executor.SimpleExecutor.doUpdate(SimpleExecutor.java:49) ~[mybatis-3.5.14.jar:3.5.14]
	at org.apache.ibatis.executor.BaseExecutor.update(BaseExecutor.java:117) ~[mybatis-3.5.14.jar:3.5.14]
	at org.apache.ibatis.executor.CachingExecutor.update(CachingExecutor.java:76) ~[mybatis-3.5.14.jar:3.5.14]
	at org.apache.ibatis.session.defaults.DefaultSqlSession.update(DefaultSqlSession.java:197) ~[mybatis-3.5.14.jar:3.5.14]
	at org.apache.ibatis.session.defaults.DefaultSqlSession.insert(DefaultSqlSession.java:184) ~[mybatis-3.5.14.jar:3.5.14]
	at java.base/jdk.internal.reflect.DirectMethodHandleAccessor.invoke(DirectMethodHandleAccessor.java:103) ~[na:na]
	at java.base/java.lang.reflect.Method.invoke(Method.java:580) ~[na:na]
	at org.mybatis.spring.SqlSessionTemplate$SqlSessionInterceptor.invoke(SqlSessionTemplate.java:425) ~[mybatis-spring-3.0.3.jar:3.0.3]
	at jdk.proxy2/jdk.proxy2.$Proxy65.insert(Unknown Source) ~[na:na]
	at org.mybatis.spring.SqlSessionTemplate.insert(SqlSessionTemplate.java:272) ~[mybatis-spring-3.0.3.jar:3.0.3]
	at org.apache.ibatis.binding.MapperMethod.execute(MapperMethod.java:62) ~[mybatis-3.5.14.jar:3.5.14]
	at org.apache.ibatis.binding.MapperProxy$PlainMethodInvoker.invoke(MapperProxy.java:141) ~[mybatis-3.5.14.jar:3.5.14]
	at org.apache.ibatis.binding.MapperProxy.invoke(MapperProxy.java:86) ~[mybatis-3.5.14.jar:3.5.14]
	at jdk.proxy2/jdk.proxy2.$Proxy68.bake(Unknown Source) ~[na:na]
	at com.b23010225.sastwoc.Service.Implement.PancakeServiceImplement.bake(PancakeServiceImplement.java:22) ~[classes/:na]
	at com.b23010225.sastwoc.controller.PancakeController.bake(PancakeController.java:30) ~[classes/:na]
	at java.base/jdk.internal.reflect.DirectMethodHandleAccessor.invoke(DirectMethodHandleAccessor.java:103) ~[na:na]
	at java.base/java.lang.reflect.Method.invoke(Method.java:580) ~[na:na]
	at org.springframework.web.method.support.InvocableHandlerMethod.doInvoke(InvocableHandlerMethod.java:259) ~[spring-web-6.1.4.jar:6.1.4]
	at org.springframework.web.method.support.InvocableHandlerMethod.invokeForRequest(InvocableHandlerMethod.java:192) ~[spring-web-6.1.4.jar:6.1.4]
	at org.springframework.web.servlet.mvc.method.annotation.ServletInvocableHandlerMethod.invokeAndHandle(ServletInvocableHandlerMethod.java:118) ~[spring-webmvc-6.1.4.jar:6.1.4]
	at org.springframework.web.servlet.mvc.method.annotation.RequestMappingHandlerAdapter.invokeHandlerMethod(RequestMappingHandlerAdapter.java:920) ~[spring-webmvc-6.1.4.jar:6.1.4]
	at org.springframework.web.servlet.mvc.method.annotation.RequestMappingHandlerAdapter.handleInternal(RequestMappingHandlerAdapter.java:830) ~[spring-webmvc-6.1.4.jar:6.1.4]
	at org.springframework.web.servlet.mvc.method.AbstractHandlerMethodAdapter.handle(AbstractHandlerMethodAdapter.java:87) ~[spring-webmvc-6.1.4.jar:6.1.4]
	at org.springframework.web.servlet.DispatcherServlet.doDispatch(DispatcherServlet.java:1089) ~[spring-webmvc-6.1.4.jar:6.1.4]
	at org.springframework.web.servlet.DispatcherServlet.doService(DispatcherServlet.java:979) ~[spring-webmvc-6.1.4.jar:6.1.4]
	at org.springframework.web.servlet.FrameworkServlet.processRequest(FrameworkServlet.java:1014) ~[spring-webmvc-6.1.4.jar:6.1.4]
	at org.springframework.web.servlet.FrameworkServlet.doPut(FrameworkServlet.java:925) ~[spring-webmvc-6.1.4.jar:6.1.4]
	at jakarta.servlet.http.HttpServlet.service(HttpServlet.java:593) ~[tomcat-embed-core-10.1.19.jar:6.0]
	at org.springframework.web.servlet.FrameworkServlet.service(FrameworkServlet.java:885) ~[spring-webmvc-6.1.4.jar:6.1.4]
	at jakarta.servlet.http.HttpServlet.service(HttpServlet.java:658) ~[tomcat-embed-core-10.1.19.jar:6.0]
	at org.apache.catalina.core.ApplicationFilterChain.internalDoFilter(ApplicationFilterChain.java:205) ~[tomcat-embed-core-10.1.19.jar:10.1.19]
	at org.apache.catalina.core.ApplicationFilterChain.doFilter(ApplicationFilterChain.java:149) ~[tomcat-embed-core-10.1.19.jar:10.1.19]
	at org.apache.tomcat.websocket.server.WsFilter.doFilter(WsFilter.java:51) ~[tomcat-embed-websocket-10.1.19.jar:10.1.19]
	at org.apache.catalina.core.ApplicationFilterChain.internalDoFilter(ApplicationFilterChain.java:174) ~[tomcat-embed-core-10.1.19.jar:10.1.19]
	at org.apache.catalina.core.ApplicationFilterChain.doFilter(ApplicationFilterChain.java:149) ~[tomcat-embed-core-10.1.19.jar:10.1.19]
	at com.b23010225.sastwoc.utils.MAdminFilter.doFilter(MAdminFilter.java:54) ~[classes/:na]
	at org.apache.catalina.core.ApplicationFilterChain.internalDoFilter(ApplicationFilterChain.java:174) ~[tomcat-embed-core-10.1.19.jar:10.1.19]
	at org.apache.catalina.core.ApplicationFilterChain.doFilter(ApplicationFilterChain.java:149) ~[tomcat-embed-core-10.1.19.jar:10.1.19]
	at com.b23010225.sastwoc.utils.LoginCheckFilter.doFilter(LoginCheckFilter.java:70) ~[classes/:na]
	at org.apache.catalina.core.ApplicationFilterChain.internalDoFilter(ApplicationFilterChain.java:174) ~[tomcat-embed-core-10.1.19.jar:10.1.19]
	at org.apache.catalina.core.ApplicationFilterChain.doFilter(ApplicationFilterChain.java:149) ~[tomcat-embed-core-10.1.19.jar:10.1.19]
	at org.springframework.web.filter.RequestContextFilter.doFilterInternal(RequestContextFilter.java:100) ~[spring-web-6.1.4.jar:6.1.4]
	at org.springframework.web.filter.OncePerRequestFilter.doFilter(OncePerRequestFilter.java:116) ~[spring-web-6.1.4.jar:6.1.4]
	at org.apache.catalina.core.ApplicationFilterChain.internalDoFilter(ApplicationFilterChain.java:174) ~[tomcat-embed-core-10.1.19.jar:10.1.19]
	at org.apache.catalina.core.ApplicationFilterChain.doFilter(ApplicationFilterChain.java:149) ~[tomcat-embed-core-10.1.19.jar:10.1.19]
	at org.springframework.web.filter.FormContentFilter.doFilterInternal(FormContentFilter.java:93) ~[spring-web-6.1.4.jar:6.1.4]
	at org.springframework.web.filter.OncePerRequestFilter.doFilter(OncePerRequestFilter.java:116) ~[spring-web-6.1.4.jar:6.1.4]
	at org.apache.catalina.core.ApplicationFilterChain.internalDoFilter(ApplicationFilterChain.java:174) ~[tomcat-embed-core-10.1.19.jar:10.1.19]
	at org.apache.catalina.core.ApplicationFilterChain.doFilter(ApplicationFilterChain.java:149) ~[tomcat-embed-core-10.1.19.jar:10.1.19]
	at org.springframework.web.filter.CharacterEncodingFilter.doFilterInternal(CharacterEncodingFilter.java:201) ~[spring-web-6.1.4.jar:6.1.4]
	at org.springframework.web.filter.OncePerRequestFilter.doFilter(OncePerRequestFilter.java:116) ~[spring-web-6.1.4.jar:6.1.4]
	at org.apache.catalina.core.ApplicationFilterChain.internalDoFilter(ApplicationFilterChain.java:174) ~[tomcat-embed-core-10.1.19.jar:10.1.19]
	at org.apache.catalina.core.ApplicationFilterChain.doFilter(ApplicationFilterChain.java:149) ~[tomcat-embed-core-10.1.19.jar:10.1.19]
	at org.apache.catalina.core.StandardWrapperValve.invoke(StandardWrapperValve.java:167) ~[tomcat-embed-core-10.1.19.jar:10.1.19]
	at org.apache.catalina.core.StandardContextValve.invoke(StandardContextValve.java:90) ~[tomcat-embed-core-10.1.19.jar:10.1.19]
	at org.apache.catalina.authenticator.AuthenticatorBase.invoke(AuthenticatorBase.java:482) ~[tomcat-embed-core-10.1.19.jar:10.1.19]
	at org.apache.catalina.core.StandardHostValve.invoke(StandardHostValve.java:115) ~[tomcat-embed-core-10.1.19.jar:10.1.19]
	at org.apache.catalina.valves.ErrorReportValve.invoke(ErrorReportValve.java:93) ~[tomcat-embed-core-10.1.19.jar:10.1.19]
	at org.apache.catalina.core.StandardEngineValve.invoke(StandardEngineValve.java:74) ~[tomcat-embed-core-10.1.19.jar:10.1.19]
	at org.apache.catalina.connector.CoyoteAdapter.service(CoyoteAdapter.java:344) ~[tomcat-embed-core-10.1.19.jar:10.1.19]
	at org.apache.coyote.http11.Http11Processor.service(Http11Processor.java:391) ~[tomcat-embed-core-10.1.19.jar:10.1.19]
	at org.apache.coyote.AbstractProcessorLight.process(AbstractProcessorLight.java:63) ~[tomcat-embed-core-10.1.19.jar:10.1.19]
	at org.apache.coyote.AbstractProtocol$ConnectionHandler.process(AbstractProtocol.java:896) ~[tomcat-embed-core-10.1.19.jar:10.1.19]
	at org.apache.tomcat.util.net.NioEndpoint$SocketProcessor.doRun(NioEndpoint.java:1744) ~[tomcat-embed-core-10.1.19.jar:10.1.19]
	at org.apache.tomcat.util.net.SocketProcessorBase.run(SocketProcessorBase.java:52) ~[tomcat-embed-core-10.1.19.jar:10.1.19]
	at org.apache.tomcat.util.threads.ThreadPoolExecutor.runWorker(ThreadPoolExecutor.java:1191) ~[tomcat-embed-core-10.1.19.jar:10.1.19]
	at org.apache.tomcat.util.threads.ThreadPoolExecutor$Worker.run(ThreadPoolExecutor.java:659) ~[tomcat-embed-core-10.1.19.jar:10.1.19]
	at org.apache.tomcat.util.threads.TaskThread$WrappingRunnable.run(TaskThread.java:63) ~[tomcat-embed-core-10.1.19.jar:10.1.19]
	at java.base/java.lang.Thread.run(Thread.java:1583) ~[na:na]

2024-02-28T09:05:42.318+08:00  INFO 44504 --- [SpringApplicationShutdownHook] com.zaxxer.hikari.HikariDataSource       : HikariPool-1 - Shutdown initiated...
2024-02-28T09:05:42.325+08:00  INFO 44504 --- [SpringApplicationShutdownHook] com.zaxxer.hikari.HikariDataSource       : HikariPool-1 - Shutdown completed.
2024-02-28T09:05:45.908+08:00  INFO 27324 --- [main] c.b23010225.sastwoc.SastWoCApplication   : Starting SastWoCApplication using Java 21 with PID 27324 (D:\Java\SASTWoC\target\classes started by 宇恺 in D:\Java\SASTWoC)
2024-02-28T09:05:45.911+08:00  INFO 27324 --- [main] c.b23010225.sastwoc.SastWoCApplication   : No active profile set, falling back to 1 default profile: "default"
2024-02-28T09:05:46.608+08:00  INFO 27324 --- [main] o.s.b.w.embedded.tomcat.TomcatWebServer  : Tomcat initialized with port 8080 (http)
2024-02-28T09:05:46.615+08:00  INFO 27324 --- [main] o.apache.catalina.core.StandardService   : Starting service [Tomcat]
2024-02-28T09:05:46.617+08:00  INFO 27324 --- [main] o.apache.catalina.core.StandardEngine    : Starting Servlet engine: [Apache Tomcat/10.1.19]
2024-02-28T09:05:46.655+08:00  INFO 27324 --- [main] o.a.c.c.C.[Tomcat].[localhost].[/]       : Initializing Spring embedded WebApplicationContext
2024-02-28T09:05:46.655+08:00  INFO 27324 --- [main] w.s.c.ServletWebServerApplicationContext : Root WebApplicationContext: initialization completed in 706 ms
2024-02-28T09:05:47.064+08:00  INFO 27324 --- [main] o.s.b.w.embedded.tomcat.TomcatWebServer  : Tomcat started on port 8080 (http) with context path ''
2024-02-28T09:05:47.069+08:00  INFO 27324 --- [main] c.b23010225.sastwoc.SastWoCApplication   : Started SastWoCApplication in 1.495 seconds (process running for 1.939)
2024-02-28T09:06:18.885+08:00  INFO 27324 --- [http-nio-8080-exec-1] o.a.c.c.C.[Tomcat].[localhost].[/]       : Initializing Spring DispatcherServlet 'dispatcherServlet'
2024-02-28T09:06:18.886+08:00  INFO 27324 --- [http-nio-8080-exec-1] o.s.web.servlet.DispatcherServlet        : Initializing Servlet 'dispatcherServlet'
2024-02-28T09:06:18.886+08:00  INFO 27324 --- [http-nio-8080-exec-1] o.s.web.servlet.DispatcherServlet        : Completed initialization in 0 ms
2024-02-28T09:06:18.890+08:00  INFO 27324 --- [http-nio-8080-exec-1] c.b.sastwoc.utils.LoginCheckFilter       : 请求的url:/pancake
2024-02-28T09:06:18.941+08:00  INFO 27324 --- [http-nio-8080-exec-1] c.b.sastwoc.utils.LoginCheckFilter       : 令牌合法，放行
2024-02-28T09:06:18.942+08:00  INFO 27324 --- [http-nio-8080-exec-1] c.b23010225.sastwoc.utils.MAdminFilter   : 管理员身份验证通过！
2024-02-28T09:06:19.015+08:00  INFO 27324 --- [http-nio-8080-exec-1] com.zaxxer.hikari.HikariDataSource       : HikariPool-1 - Starting...
2024-02-28T09:06:19.338+08:00  INFO 27324 --- [http-nio-8080-exec-1] com.zaxxer.hikari.pool.HikariPool        : HikariPool-1 - Added connection com.mysql.cj.jdbc.ConnectionImpl@6ab56e9f
2024-02-28T09:06:19.339+08:00  INFO 27324 --- [http-nio-8080-exec-1] com.zaxxer.hikari.HikariDataSource       : HikariPool-1 - Start completed.
2024-02-28T09:07:37.305+08:00  INFO 27324 --- [SpringApplicationShutdownHook] com.zaxxer.hikari.HikariDataSource       : HikariPool-1 - Shutdown initiated...
2024-02-28T09:07:37.311+08:00  INFO 27324 --- [SpringApplicationShutdownHook] com.zaxxer.hikari.HikariDataSource       : HikariPool-1 - Shutdown completed.
2024-02-28T09:17:16.957+08:00  INFO 44924 --- [main] c.b23010225.sastwoc.SastWoCApplication   : Starting SastWoCApplication using Java 21 with PID 44924 (D:\Java\SASTWoC\target\classes started by 宇恺 in D:\Java\SASTWoC)
2024-02-28T09:17:16.960+08:00  INFO 44924 --- [main] c.b23010225.sastwoc.SastWoCApplication   : No active profile set, falling back to 1 default profile: "default"
2024-02-28T09:17:17.834+08:00  INFO 44924 --- [main] o.s.b.w.embedded.tomcat.TomcatWebServer  : Tomcat initialized with port 8080 (http)
2024-02-28T09:17:17.844+08:00  INFO 44924 --- [main] o.apache.catalina.core.StandardService   : Starting service [Tomcat]
2024-02-28T09:17:17.844+08:00  INFO 44924 --- [main] o.apache.catalina.core.StandardEngine    : Starting Servlet engine: [Apache Tomcat/10.1.19]
2024-02-28T09:17:17.882+08:00  INFO 44924 --- [main] o.a.c.c.C.[Tomcat].[localhost].[/]       : Initializing Spring embedded WebApplicationContext
2024-02-28T09:17:17.882+08:00  INFO 44924 --- [main] w.s.c.ServletWebServerApplicationContext : Root WebApplicationContext: initialization completed in 868 ms
2024-02-28T09:17:18.387+08:00  INFO 44924 --- [main] o.s.b.w.embedded.tomcat.TomcatWebServer  : Tomcat started on port 8080 (http) with context path ''
2024-02-28T09:17:18.397+08:00  INFO 44924 --- [main] c.b23010225.sastwoc.SastWoCApplication   : Started SastWoCApplication in 1.899 seconds (process running for 2.525)
2024-02-28T09:17:33.225+08:00  INFO 44924 --- [http-nio-8080-exec-2] o.a.c.c.C.[Tomcat].[localhost].[/]       : Initializing Spring DispatcherServlet 'dispatcherServlet'
2024-02-28T09:17:33.225+08:00  INFO 44924 --- [http-nio-8080-exec-2] o.s.web.servlet.DispatcherServlet        : Initializing Servlet 'dispatcherServlet'
2024-02-28T09:17:33.226+08:00  INFO 44924 --- [http-nio-8080-exec-2] o.s.web.servlet.DispatcherServlet        : Completed initialization in 1 ms
2024-02-28T09:17:33.229+08:00  INFO 44924 --- [http-nio-8080-exec-2] c.b.sastwoc.utils.LoginCheckFilter       : 请求的url:/pancake/2
2024-02-28T09:17:33.281+08:00  INFO 44924 --- [http-nio-8080-exec-2] c.b.sastwoc.utils.LoginCheckFilter       : 令牌合法，放行
2024-02-28T09:17:33.294+08:00  WARN 44924 --- [http-nio-8080-exec-2] .w.s.m.s.DefaultHandlerExceptionResolver : Resolved [org.springframework.web.HttpRequestMethodNotSupportedException: Request method 'PUT' is not supported]
2024-02-28T09:17:39.050+08:00  INFO 44924 --- [http-nio-8080-exec-3] c.b.sastwoc.utils.LoginCheckFilter       : 请求的url:/pancake/2
2024-02-28T09:17:39.051+08:00  INFO 44924 --- [http-nio-8080-exec-3] c.b.sastwoc.utils.LoginCheckFilter       : 令牌合法，放行
2024-02-28T09:17:39.087+08:00  INFO 44924 --- [http-nio-8080-exec-3] com.zaxxer.hikari.HikariDataSource       : HikariPool-1 - Starting...
2024-02-28T09:17:39.427+08:00  INFO 44924 --- [http-nio-8080-exec-3] com.zaxxer.hikari.pool.HikariPool        : HikariPool-1 - Added connection com.mysql.cj.jdbc.ConnectionImpl@6322934b
2024-02-28T09:17:39.428+08:00  INFO 44924 --- [http-nio-8080-exec-3] com.zaxxer.hikari.HikariDataSource       : HikariPool-1 - Start completed.
2024-02-28T09:20:53.387+08:00  INFO 44924 --- [SpringApplicationShutdownHook] com.zaxxer.hikari.HikariDataSource       : HikariPool-1 - Shutdown initiated...
2024-02-28T09:20:53.395+08:00  INFO 44924 --- [SpringApplicationShutdownHook] com.zaxxer.hikari.HikariDataSource       : HikariPool-1 - Shutdown completed.
2024-02-28T09:20:56.918+08:00  INFO 24412 --- [main] c.b23010225.sastwoc.SastWoCApplication   : Starting SastWoCApplication using Java 21 with PID 24412 (D:\Java\SASTWoC\target\classes started by 宇恺 in D:\Java\SASTWoC)
2024-02-28T09:20:56.919+08:00  INFO 24412 --- [main] c.b23010225.sastwoc.SastWoCApplication   : No active profile set, falling back to 1 default profile: "default"
2024-02-28T09:20:57.630+08:00  INFO 24412 --- [main] o.s.b.w.embedded.tomcat.TomcatWebServer  : Tomcat initialized with port 8080 (http)
2024-02-28T09:20:57.641+08:00  INFO 24412 --- [main] o.apache.catalina.core.StandardService   : Starting service [Tomcat]
2024-02-28T09:20:57.642+08:00  INFO 24412 --- [main] o.apache.catalina.core.StandardEngine    : Starting Servlet engine: [Apache Tomcat/10.1.19]
2024-02-28T09:20:57.681+08:00  INFO 24412 --- [main] o.a.c.c.C.[Tomcat].[localhost].[/]       : Initializing Spring embedded WebApplicationContext
2024-02-28T09:20:57.681+08:00  INFO 24412 --- [main] w.s.c.ServletWebServerApplicationContext : Root WebApplicationContext: initialization completed in 723 ms
2024-02-28T09:20:58.105+08:00  INFO 24412 --- [main] o.s.b.w.embedded.tomcat.TomcatWebServer  : Tomcat started on port 8080 (http) with context path ''
2024-02-28T09:20:58.110+08:00  INFO 24412 --- [main] c.b23010225.sastwoc.SastWoCApplication   : Started SastWoCApplication in 1.546 seconds (process running for 2.03)
2024-02-28T09:21:05.598+08:00  INFO 24412 --- [http-nio-8080-exec-1] o.a.c.c.C.[Tomcat].[localhost].[/]       : Initializing Spring DispatcherServlet 'dispatcherServlet'
2024-02-28T09:21:05.599+08:00  INFO 24412 --- [http-nio-8080-exec-1] o.s.web.servlet.DispatcherServlet        : Initializing Servlet 'dispatcherServlet'
2024-02-28T09:21:05.600+08:00  INFO 24412 --- [http-nio-8080-exec-1] o.s.web.servlet.DispatcherServlet        : Completed initialization in 1 ms
2024-02-28T09:21:05.602+08:00  INFO 24412 --- [http-nio-8080-exec-1] c.b.sastwoc.utils.LoginCheckFilter       : 请求的url:/pancake/3
2024-02-28T09:21:05.649+08:00  INFO 24412 --- [http-nio-8080-exec-1] c.b.sastwoc.utils.LoginCheckFilter       : 令牌合法，放行
2024-02-28T09:21:05.691+08:00  INFO 24412 --- [http-nio-8080-exec-1] com.zaxxer.hikari.HikariDataSource       : HikariPool-1 - Starting...
2024-02-28T09:21:05.976+08:00  INFO 24412 --- [http-nio-8080-exec-1] com.zaxxer.hikari.pool.HikariPool        : HikariPool-1 - Added connection com.mysql.cj.jdbc.ConnectionImpl@43cef7f0
2024-02-28T09:21:05.977+08:00  INFO 24412 --- [http-nio-8080-exec-1] com.zaxxer.hikari.HikariDataSource       : HikariPool-1 - Start completed.
2024-02-28T09:21:17.603+08:00  INFO 24412 --- [SpringApplicationShutdownHook] com.zaxxer.hikari.HikariDataSource       : HikariPool-1 - Shutdown initiated...
2024-02-28T09:21:17.611+08:00  INFO 24412 --- [SpringApplicationShutdownHook] com.zaxxer.hikari.HikariDataSource       : HikariPool-1 - Shutdown completed.
2024-02-28T09:25:17.950+08:00  INFO 11576 --- [main] c.b23010225.sastwoc.SastWoCApplication   : Starting SastWoCApplication using Java 21 with PID 11576 (D:\Java\SASTWoC\target\classes started by 宇恺 in D:\Java\SASTWoC)
2024-02-28T09:25:17.952+08:00  INFO 11576 --- [main] c.b23010225.sastwoc.SastWoCApplication   : No active profile set, falling back to 1 default profile: "default"
2024-02-28T09:25:18.771+08:00  INFO 11576 --- [main] o.s.b.w.embedded.tomcat.TomcatWebServer  : Tomcat initialized with port 8080 (http)
2024-02-28T09:25:18.781+08:00  INFO 11576 --- [main] o.apache.catalina.core.StandardService   : Starting service [Tomcat]
2024-02-28T09:25:18.782+08:00  INFO 11576 --- [main] o.apache.catalina.core.StandardEngine    : Starting Servlet engine: [Apache Tomcat/10.1.19]
2024-02-28T09:25:18.816+08:00  INFO 11576 --- [main] o.a.c.c.C.[Tomcat].[localhost].[/]       : Initializing Spring embedded WebApplicationContext
2024-02-28T09:25:18.817+08:00  INFO 11576 --- [main] w.s.c.ServletWebServerApplicationContext : Root WebApplicationContext: initialization completed in 827 ms
2024-02-28T09:25:19.271+08:00  INFO 11576 --- [main] o.s.b.w.embedded.tomcat.TomcatWebServer  : Tomcat started on port 8080 (http) with context path ''
2024-02-28T09:25:19.279+08:00  INFO 11576 --- [main] c.b23010225.sastwoc.SastWoCApplication   : Started SastWoCApplication in 1.652 seconds (process running for 2.11)
2024-02-28T09:25:33.301+08:00  INFO 11576 --- [http-nio-8080-exec-1] o.a.c.c.C.[Tomcat].[localhost].[/]       : Initializing Spring DispatcherServlet 'dispatcherServlet'
2024-02-28T09:25:33.302+08:00  INFO 11576 --- [http-nio-8080-exec-1] o.s.web.servlet.DispatcherServlet        : Initializing Servlet 'dispatcherServlet'
2024-02-28T09:25:33.303+08:00  INFO 11576 --- [http-nio-8080-exec-1] o.s.web.servlet.DispatcherServlet        : Completed initialization in 1 ms
2024-02-28T09:25:33.306+08:00  INFO 11576 --- [http-nio-8080-exec-1] c.b.sastwoc.utils.LoginCheckFilter       : 请求的url:/pancake
2024-02-28T09:25:33.359+08:00  INFO 11576 --- [http-nio-8080-exec-1] c.b.sastwoc.utils.LoginCheckFilter       : 令牌合法，放行
2024-02-28T09:25:33.360+08:00  INFO 11576 --- [http-nio-8080-exec-1] c.b23010225.sastwoc.utils.MAdminFilter   : 管理员身份验证通过！
2024-02-28T09:25:33.445+08:00  INFO 11576 --- [http-nio-8080-exec-1] com.zaxxer.hikari.HikariDataSource       : HikariPool-1 - Starting...
2024-02-28T09:25:33.774+08:00  INFO 11576 --- [http-nio-8080-exec-1] com.zaxxer.hikari.pool.HikariPool        : HikariPool-1 - Added connection com.mysql.cj.jdbc.ConnectionImpl@141055c8
2024-02-28T09:25:33.775+08:00  INFO 11576 --- [http-nio-8080-exec-1] com.zaxxer.hikari.HikariDataSource       : HikariPool-1 - Start completed.
2024-02-28T09:25:45.451+08:00  INFO 11576 --- [SpringApplicationShutdownHook] com.zaxxer.hikari.HikariDataSource       : HikariPool-1 - Shutdown initiated...
2024-02-28T09:25:45.458+08:00  INFO 11576 --- [SpringApplicationShutdownHook] com.zaxxer.hikari.HikariDataSource       : HikariPool-1 - Shutdown completed.
2024-02-28T12:26:38.202+08:00  INFO 52356 --- [main] c.b23010225.sastwoc.SastWoCApplication   : Starting SastWoCApplication using Java 21 with PID 52356 (D:\Java\SASTWoC\target\classes started by 宇恺 in D:\Java\SASTWoC)
2024-02-28T12:26:38.206+08:00  INFO 52356 --- [main] c.b23010225.sastwoc.SastWoCApplication   : No active profile set, falling back to 1 default profile: "default"
2024-02-28T12:26:39.645+08:00  INFO 52356 --- [main] o.s.b.w.embedded.tomcat.TomcatWebServer  : Tomcat initialized with port 8080 (http)
2024-02-28T12:26:39.666+08:00  INFO 52356 --- [main] o.apache.catalina.core.StandardService   : Starting service [Tomcat]
2024-02-28T12:26:39.667+08:00  INFO 52356 --- [main] o.apache.catalina.core.StandardEngine    : Starting Servlet engine: [Apache Tomcat/10.1.19]
2024-02-28T12:26:39.738+08:00  INFO 52356 --- [main] o.a.c.c.C.[Tomcat].[localhost].[/]       : Initializing Spring embedded WebApplicationContext
2024-02-28T12:26:39.738+08:00  INFO 52356 --- [main] w.s.c.ServletWebServerApplicationContext : Root WebApplicationContext: initialization completed in 1458 ms
2024-02-28T12:26:40.623+08:00  INFO 52356 --- [main] o.s.b.w.embedded.tomcat.TomcatWebServer  : Tomcat started on port 8080 (http) with context path ''
2024-02-28T12:26:40.634+08:00  INFO 52356 --- [main] c.b23010225.sastwoc.SastWoCApplication   : Started SastWoCApplication in 2.98 seconds (process running for 3.682)
2024-02-28T12:27:40.640+08:00  INFO 52356 --- [http-nio-8080-exec-2] o.a.c.c.C.[Tomcat].[localhost].[/]       : Initializing Spring DispatcherServlet 'dispatcherServlet'
2024-02-28T12:27:40.641+08:00  INFO 52356 --- [http-nio-8080-exec-2] o.s.web.servlet.DispatcherServlet        : Initializing Servlet 'dispatcherServlet'
2024-02-28T12:27:40.642+08:00  INFO 52356 --- [http-nio-8080-exec-2] o.s.web.servlet.DispatcherServlet        : Completed initialization in 1 ms
2024-02-28T12:27:40.645+08:00  INFO 52356 --- [http-nio-8080-exec-2] c.b.sastwoc.utils.LoginCheckFilter       : 请求的url:/login
2024-02-28T12:27:40.647+08:00  INFO 52356 --- [http-nio-8080-exec-2] c.b.sastwoc.utils.LoginCheckFilter       : 正在登录，放行。
2024-02-28T12:27:40.748+08:00  INFO 52356 --- [http-nio-8080-exec-2] com.zaxxer.hikari.HikariDataSource       : HikariPool-1 - Starting...
2024-02-28T12:27:41.145+08:00  INFO 52356 --- [http-nio-8080-exec-2] com.zaxxer.hikari.pool.HikariPool        : HikariPool-1 - Added connection com.mysql.cj.jdbc.ConnectionImpl@7b99cf98
2024-02-28T12:27:41.147+08:00  INFO 52356 --- [http-nio-8080-exec-2] com.zaxxer.hikari.HikariDataSource       : HikariPool-1 - Start completed.
2024-02-28T12:29:06.131+08:00  INFO 52356 --- [http-nio-8080-exec-5] c.b.sastwoc.utils.LoginCheckFilter       : 请求的url:/pancake
2024-02-28T12:29:06.141+08:00  INFO 52356 --- [http-nio-8080-exec-5] c.b.sastwoc.utils.LoginCheckFilter       : 令牌合法，放行
2024-02-28T12:29:06.142+08:00  INFO 52356 --- [http-nio-8080-exec-5] c.b23010225.sastwoc.utils.MAdminFilter   : 非管理员操作，放行。
2024-02-28T12:29:57.338+08:00  INFO 52356 --- [http-nio-8080-exec-6] c.b.sastwoc.utils.LoginCheckFilter       : 请求的url:/pancake
2024-02-28T12:29:57.339+08:00  INFO 52356 --- [http-nio-8080-exec-6] c.b.sastwoc.utils.LoginCheckFilter       : 令牌合法，放行
2024-02-28T12:29:57.340+08:00  INFO 52356 --- [http-nio-8080-exec-6] c.b23010225.sastwoc.utils.MAdminFilter   : 无权限！
2024-02-28T12:30:16.101+08:00  INFO 52356 --- [http-nio-8080-exec-7] c.b.sastwoc.utils.LoginCheckFilter       : 请求的url:/pancake/4
2024-02-28T12:30:16.103+08:00  INFO 52356 --- [http-nio-8080-exec-7] c.b.sastwoc.utils.LoginCheckFilter       : 令牌合法，放行
2024-02-28T12:30:16.104+08:00  INFO 52356 --- [http-nio-8080-exec-7] c.b23010225.sastwoc.utils.MAdminFilter   : 非管理员操作，放行。
2024-02-28T12:30:37.191+08:00  INFO 52356 --- [http-nio-8080-exec-8] c.b.sastwoc.utils.LoginCheckFilter       : 请求的url:/pancake/4
2024-02-28T12:30:37.192+08:00  INFO 52356 --- [http-nio-8080-exec-8] c.b.sastwoc.utils.LoginCheckFilter       : 令牌合法，放行
2024-02-28T12:30:37.193+08:00  INFO 52356 --- [http-nio-8080-exec-8] c.b23010225.sastwoc.utils.MAdminFilter   : 无权限！
2024-02-28T12:30:54.998+08:00  INFO 52356 --- [SpringApplicationShutdownHook] com.zaxxer.hikari.HikariDataSource       : HikariPool-1 - Shutdown initiated...
2024-02-28T12:30:55.016+08:00  INFO 52356 --- [SpringApplicationShutdownHook] com.zaxxer.hikari.HikariDataSource       : HikariPool-1 - Shutdown completed.
